<?xml version="1.0" encoding="UTF-8"?>
<testng-results ignored="0" total="1" passed="1" failed="0" skipped="0">
  <reporter-output>
  </reporter-output>
  <suite started-at="2024-03-19T17:45:42 IST" name="Default suite" finished-at="2024-03-19T17:46:12 IST" duration-ms="29843">
    <groups>
    </groups>
    <test started-at="2024-03-19T17:45:42 IST" name="Default test" finished-at="2024-03-19T17:46:12 IST" duration-ms="29843">
      <class name="ormJobCategories.tests.AddJobCategoryTest">
        <test-method is-config="true" signature="setUp()[pri:0, instance:ormJobCategories.tests.AddJobCategoryTest@2f54a33d]" started-at="2024-03-19T17:45:42 IST" name="setUp" finished-at="2024-03-19T17:45:54 IST" duration-ms="11636" status="PASS">
          <reporter-output>
          </reporter-output>
        </test-method> <!-- setUp -->
        <test-method signature="testAddJobCategory()[pri:0, instance:ormJobCategories.tests.AddJobCategoryTest@2f54a33d]" started-at="2024-03-19T17:45:54 IST" name="testAddJobCategory" finished-at="2024-03-19T17:46:12 IST" duration-ms="17720" status="PASS">
          <reporter-output>
          </reporter-output>
        </test-method> <!-- testAddJobCategory -->
        <test-method is-config="true" signature="tearDown()[pri:0, instance:ormJobCategories.tests.AddJobCategoryTest@2f54a33d]" started-at="2024-03-19T17:46:12 IST" name="tearDown" finished-at="2024-03-19T17:46:12 IST" duration-ms="424" status="PASS">
          <reporter-output>
          </reporter-output>
        </test-method> <!-- tearDown -->
      </class> <!-- ormJobCategories.tests.AddJobCategoryTest -->
    </test> <!-- Default test -->
  </suite> <!-- Default suite -->
</testng-results>
